Starting CAP Project Generator...
Using @sap/cds-dk [9.8.2] from /extbin/globals/pnpm/5/.pnpm/@sap+cds-dk@9.8.2_@eslint+js@10.0.1/node_modules/@sap/cds-dk
Using @sap/generator-cap-project [2.0.5] from [/extbin/globals/pnpm/5/.pnpm/@sap+generator-cap-project@2.0.5_encoding@0.1.13_mem-fs@2.1.0_yeoman-environment@3.19.3_@types+node@25.6.0_/node_modules/@sap/generator-cap-project]
Using root path [/home/user/projects]

Creating project with application-logging, approuter, audit-logging, connectivity, destination, hana, html5-repo, mta, nodejs, notifications, portal, xsuaa

Adding facet: nodejs
Adding facet: mta
Adding facet: xsuaa
Adding facet: hana
Adding facet: approuter
Adding facet: connectivity
Adding facet: destination
Adding facet: html5-repo
Adding facet: portal
Adding facet: application-logging
Adding facet: audit-logging
Adding facet: notifications

Successfully initialized CAP project
Continue with: code CAP_Project_10_04_2026 


Installing dependencies...

added 343 packages, and audited 344 packages in 13s

41 packages are looking for funding
  run `npm fund` for details

1 critical severity vulnerability

To address all issues, run:
  npm audit fix

Run `npm audit` for details.

Finished installing dependencies

Done setting up project CAP_Project_10_04_2026
Project is ready to use

